#
# A fatal error has been detected by the Java Runtime Environment:
#
#  Internal Error (javaClasses.cpp:129), pid=15949, tid=139699941951232
#  fatal error: Invalid layout of preloaded class
#
# JRE version: 7.0_21-b02
# Java VM: OpenJDK 64-Bit Server VM (23.7-b01 mixed mode linux-amd64 compressed oops)
# Failed to write core dump. Core dumps have been disabled. To enable core dumping, try "ulimit -c unlimited" before starting Java again
#
# If you would like to submit a bug report, please include
# instructions on how to reproduce the bug and visit:
#   https://bugs.launchpad.net/ubuntu/+source/openjdk-7/
#

---------------  T H R E A D  ---------------

Current thread (0x00007f0e64009000):  JavaThread "Unknown thread" [_thread_in_vm, id=15952, stack(0x00007f0e6d5a4000,0x00007f0e6d6a5000)]

Stack: [0x00007f0e6d5a4000,0x00007f0e6d6a5000],  sp=0x00007f0e6d6a3930,  free space=1022k
Native frames: (J=compiled Java code, j=interpreted, Vv=VM code, C=native code)
V  [libjvm.so+0x83de79]  VMError::report_and_die()+0x169
V  [libjvm.so+0x3e88d3]  report_fatal(char const*, int, char const*)+0x53
V  [libjvm.so+0x51e583]  compute_offset(int&, klassOopDesc*, Symbol*, Symbol*, bool)+0x123
V  [libjvm.so+0x51e809]  java_lang_String::compute_offsets()+0x39
V  [libjvm.so+0x7cd00d]  SystemDictionary::initialize_preloaded_classes(Thread*)+0x3d
V  [libjvm.so+0x81a333]  Universe::genesis(Thread*)+0x443
V  [libjvm.so+0x81a7e2]  universe2_init()+0x32
V  [libjvm.so+0x4d23ca]  init_globals()+0x9a
V  [libjvm.so+0x8005bc]  Threads::create_vm(JavaVMInitArgs*, bool*)+0x39c
V  [libjvm.so+0x53c1ba]  JNI_CreateJavaVM+0x5a
C  [libjli.so+0x2a17]  __strcat_chk+0x2a17


---------------  P R O C E S S  ---------------

Java Threads: ( => current thread )

Other Threads:

=>0x00007f0e64009000 (exited) JavaThread "Unknown thread" [_thread_in_vm, id=15952, stack(0x00007f0e6d5a4000,0x00007f0e6d6a5000)]

VM state:not at safepoint (not fully initialized)

VM Mutex/Monitor currently owned by a thread: None

GC Heap History (0 events):
No events

Deoptimization events (0 events):
No events

Internal exceptions (0 events):
No events

Events (10 events):
Event: 0.007 loading class 0x00007f0e6402aee0 done
Event: 0.007 loading class 0x00007f0e6402a780 done
Event: 0.007 loading class 0x00007f0e6402a750
Event: 0.007 loading class 0x00007f0e64055ee0
Event: 0.007 loading class 0x00007f0e64055ee0 done
Event: 0.008 loading class 0x00007f0e64055f20
Event: 0.008 loading class 0x00007f0e64055f20 done
Event: 0.008 loading class 0x00007f0e64055f60
Event: 0.008 loading class 0x00007f0e64055f60 done
Event: 0.008 loading class 0x00007f0e6402a750 done


Dynamic libraries:
00400000-00401000 r-xp 00000000 08:0a 1583235                            /usr/lib/jvm/java-7-openjdk-amd64/jre/bin/java
00600000-00601000 r--p 00000000 08:0a 1583235                            /usr/lib/jvm/java-7-openjdk-amd64/jre/bin/java
00601000-00602000 rw-p 00001000 08:0a 1583235                            /usr/lib/jvm/java-7-openjdk-amd64/jre/bin/java
01348000-01369000 rw-p 00000000 00:00 0                                  [heap]
bcc00000-be0c0000 rw-p 00000000 00:00 0 
be0c0000-c7200000 rw-p 00000000 00:00 0 
c7200000-c97f0000 rw-p 00000000 00:00 0 
c97f0000-ed0b0000 rw-p 00000000 00:00 0 
ed0b0000-ee3a0000 rw-p 00000000 00:00 0 
ee3a0000-100000000 rw-p 00000000 00:00 0 
7f0e48000000-7f0e48021000 rw-p 00000000 00:00 0 
7f0e48021000-7f0e4c000000 ---p 00000000 00:00 0 
7f0e50000000-7f0e50021000 rw-p 00000000 00:00 0 
7f0e50021000-7f0e54000000 ---p 00000000 00:00 0 
7f0e54000000-7f0e54021000 rw-p 00000000 00:00 0 
7f0e54021000-7f0e58000000 ---p 00000000 00:00 0 
7f0e58000000-7f0e58021000 rw-p 00000000 00:00 0 
7f0e58021000-7f0e5c000000 ---p 00000000 00:00 0 
7f0e5ee60000-7f0e61000000 rw-p 00000000 00:00 0 
7f0e61000000-7f0e61270000 rwxp 00000000 00:00 0 
7f0e61270000-7f0e6405d000 rw-p 00000000 00:00 0 
7f0e6405d000-7f0e68000000 ---p 00000000 00:00 0 
7f0e69019000-7f0e69250000 rw-p 00000000 00:00 0 
7f0e69250000-7f0e69327000 r--s 013f2000 08:0a 2135139                    /home/kai/android-sdks/platforms/android-19/android.jar
7f0e69327000-7f0e69bb7000 rw-p 00000000 00:00 0 
7f0e69bb7000-7f0e69bb8000 ---p 00000000 00:00 0 
7f0e69bb8000-7f0e69cb8000 rw-p 00000000 00:00 0 
7f0e69cb8000-7f0e69cb9000 ---p 00000000 00:00 0 
7f0e69cb9000-7f0e69db9000 rw-p 00000000 00:00 0 
7f0e69db9000-7f0e69dba000 ---p 00000000 00:00 0 
7f0e69dba000-7f0e69eba000 rw-p 00000000 00:00 0 
7f0e69eba000-7f0e69ebb000 ---p 00000000 00:00 0 
7f0e69ebb000-7f0e69fc6000 rw-p 00000000 00:00 0 
7f0e69fc6000-7f0e6a00e000 rw-p 00000000 00:00 0 
7f0e6a00e000-7f0e6a021000 rw-p 00000000 00:00 0 
7f0e6a021000-7f0e6a13e000 rw-p 00000000 00:00 0 
7f0e6a13e000-7f0e6a149000 rw-p 00000000 00:00 0 
7f0e6a149000-7f0e6a191000 rw-p 00000000 00:00 0 
7f0e6a191000-7f0e6a1a4000 rw-p 00000000 00:00 0 
7f0e6a1a4000-7f0e6a2c0000 rw-p 00000000 00:00 0 
7f0e6a2c0000-7f0e6a2ca000 rw-p 00000000 00:00 0 
7f0e6a2ca000-7f0e6a358000 rw-p 00000000 00:00 0 
7f0e6a358000-7f0e6a359000 rw-p 00000000 00:00 0 
7f0e6a359000-7f0e6a361000 r-xp 00000000 08:0a 1580158                    /usr/lib/jvm/java-7-openjdk-amd64/jre/lib/amd64/libzip.so
7f0e6a361000-7f0e6a560000 ---p 00008000 08:0a 1580158                    /usr/lib/jvm/java-7-openjdk-amd64/jre/lib/amd64/libzip.so
7f0e6a560000-7f0e6a561000 r--p 00007000 08:0a 1580158                    /usr/lib/jvm/java-7-openjdk-amd64/jre/lib/amd64/libzip.so
7f0e6a561000-7f0e6a562000 rw-p 00008000 08:0a 1580158                    /usr/lib/jvm/java-7-openjdk-amd64/jre/lib/amd64/libzip.so
7f0e6a562000-7f0e6a56e000 r-xp 00000000 08:0a 2018614                    /lib/x86_64-linux-gnu/libnss_files-2.15.so
7f0e6a56e000-7f0e6a76d000 ---p 0000c000 08:0a 2018614                    /lib/x86_64-linux-gnu/libnss_files-2.15.so
7f0e6a76d000-7f0e6a76e000 r--p 0000b000 08:0a 2018614                    /lib/x86_64-linux-gnu/libnss_files-2.15.so
7f0e6a76e000-7f0e6a76f000 rw-p 0000c000 08:0a 2018614                    /lib/x86_64-linux-gnu/libnss_files-2.15.so
7f0e6a76f000-7f0e6a779000 r-xp 00000000 08:0a 2018618                    /lib/x86_64-linux-gnu/libnss_nis-2.15.so
7f0e6a779000-7f0e6a979000 ---p 0000a000 08:0a 2018618                    /lib/x86_64-linux-gnu/libnss_nis-2.15.so
7f0e6a979000-7f0e6a97a000 r--p 0000a000 08:0a 2018618                    /lib/x86_64-linux-gnu/libnss_nis-2.15.so
7f0e6a97a000-7f0e6a97b000 rw-p 0000b000 08:0a 2018618                    /lib/x86_64-linux-gnu/libnss_nis-2.15.so
7f0e6a97b000-7f0e6a992000 r-xp 00000000 08:0a 2018630                    /lib/x86_64-linux-gnu/libnsl-2.15.so
7f0e6a992000-7f0e6ab91000 ---p 00017000 08:0a 2018630                    /lib/x86_64-linux-gnu/libnsl-2.15.so
7f0e6ab91000-7f0e6ab92000 r--p 00016000 08:0a 2018630                    /lib/x86_64-linux-gnu/libnsl-2.15.so
7f0e6ab92000-7f0e6ab93000 rw-p 00017000 08:0a 2018630                    /lib/x86_64-linux-gnu/libnsl-2.15.so
7f0e6ab93000-7f0e6ab95000 rw-p 00000000 00:00 0 
7f0e6ab95000-7f0e6ab9d000 r-xp 00000000 08:0a 2018612                    /lib/x86_64-linux-gnu/libnss_compat-2.15.so
7f0e6ab9d000-7f0e6ad9c000 ---p 00008000 08:0a 2018612                    /lib/x86_64-linux-gnu/libnss_compat-2.15.so
7f0e6ad9c000-7f0e6ad9d000 r--p 00007000 08:0a 2018612                    /lib/x86_64-linux-gnu/libnss_compat-2.15.so
7f0e6ad9d000-7f0e6ad9e000 rw-p 00008000 08:0a 2018612                    /lib/x86_64-linux-gnu/libnss_compat-2.15.so
7f0e6ad9e000-7f0e6adc7000 r-xp 00000000 08:0a 1580157                    /usr/lib/jvm/java-7-openjdk-amd64/jre/lib/amd64/libjava.so
7f0e6adc7000-7f0e6afc6000 ---p 00029000 08:0a 1580157                    /usr/lib/jvm/java-7-openjdk-amd64/jre/lib/amd64/libjava.so
7f0e6afc6000-7f0e6afc7000 r--p 00028000 08:0a 1580157                    /usr/lib/jvm/java-7-openjdk-amd64/jre/lib/amd64/libjava.so
7f0e6afc7000-7f0e6afc9000 rw-p 00029000 08:0a 1580157                    /usr/lib/jvm/java-7-openjdk-amd64/jre/lib/amd64/libjava.so
7f0e6afc9000-7f0e6afd7000 r-xp 00000000 08:0a 1580183                    /usr/lib/jvm/java-7-openjdk-amd64/jre/lib/amd64/libverify.so
7f0e6afd7000-7f0e6b1d6000 ---p 0000e000 08:0a 1580183                    /usr/lib/jvm/java-7-openjdk-amd64/jre/lib/amd64/libverify.so
7f0e6b1d6000-7f0e6b1d8000 r--p 0000d000 08:0a 1580183                    /usr/lib/jvm/java-7-openjdk-amd64/jre/lib/amd64/libverify.so
7f0e6b1d8000-7f0e6b1d9000 rw-p 0000f000 08:0a 1580183                    /usr/lib/jvm/java-7-openjdk-amd64/jre/lib/amd64/libverify.so
7f0e6b1d9000-7f0e6b1e0000 r-xp 00000000 08:0a 2018617                    /lib/x86_64-linux-gnu/librt-2.15.so
7f0e6b1e0000-7f0e6b3df000 ---p 00007000 08:0a 2018617                    /lib/x86_64-linux-gnu/librt-2.15.so
7f0e6b3df000-7f0e6b3e0000 r--p 00006000 08:0a 2018617                    /lib/x86_64-linux-gnu/librt-2.15.so
7f0e6b3e0000-7f0e6b3e1000 rw-p 00007000 08:0a 2018617                    /lib/x86_64-linux-gnu/librt-2.15.so
7f0e6b3e1000-7f0e6b3f6000 r-xp 00000000 08:0a 1969908                    /lib/x86_64-linux-gnu/libgcc_s.so.1
7f0e6b3f6000-7f0e6b5f5000 ---p 00015000 08:0a 1969908                    /lib/x86_64-linux-gnu/libgcc_s.so.1
7f0e6b5f5000-7f0e6b5f6000 r--p 00014000 08:0a 1969908                    /lib/x86_64-linux-gnu/libgcc_s.so.1
7f0e6b5f6000-7f0e6b5f7000 rw-p 00015000 08:0a 1969908                    /lib/x86_64-linux-gnu/libgcc_s.so.1
7f0e6b5f7000-7f0e6b6f2000 r-xp 00000000 08:0a 2018621                    /lib/x86_64-linux-gnu/libm-2.15.so
7f0e6b6f2000-7f0e6b8f1000 ---p 000fb000 08:0a 2018621                    /lib/x86_64-linux-gnu/libm-2.15.so
7f0e6b8f1000-7f0e6b8f2000 r--p 000fa000 08:0a 2018621                    /lib/x86_64-linux-gnu/libm-2.15.so
7f0e6b8f2000-7f0e6b8f3000 rw-p 000fb000 08:0a 2018621                    /lib/x86_64-linux-gnu/libm-2.15.so
7f0e6b8f3000-7f0e6b9d5000 r-xp 00000000 08:0a 1581542                    /usr/lib/x86_64-linux-gnu/libstdc++.so.6.0.16
7f0e6b9d5000-7f0e6bbd4000 ---p 000e2000 08:0a 1581542                    /usr/lib/x86_64-linux-gnu/libstdc++.so.6.0.16
7f0e6bbd4000-7f0e6bbdc000 r--p 000e1000 08:0a 1581542                    /usr/lib/x86_64-linux-gnu/libstdc++.so.6.0.16
7f0e6bbdc000-7f0e6bbde000 rw-p 000e9000 08:0a 1581542                    /usr/lib/x86_64-linux-gnu/libstdc++.so.6.0.16
7f0e6bbde000-7f0e6bbf3000 rw-p 00000000 00:00 0 
7f0e6bbf3000-7f0e6c5cd000 r-xp 00000000 08:0a 1580172                    /usr/lib/jvm/java-7-openjdk-amd64/jre/lib/amd64/server/libjvm.so
7f0e6c5cd000-7f0e6c7cc000 ---p 009da000 08:0a 1580172                    /usr/lib/jvm/java-7-openjdk-amd64/jre/lib/amd64/server/libjvm.so
7f0e6c7cc000-7f0e6c84b000 r--p 009d9000 08:0a 1580172                    /usr/lib/jvm/java-7-openjdk-amd64/jre/lib/amd64/server/libjvm.so
7f0e6c84b000-7f0e6c86e000 rw-p 00a58000 08:0a 1580172                    /usr/lib/jvm/java-7-openjdk-amd64/jre/lib/amd64/server/libjvm.so
7f0e6c86e000-7f0e6c898000 rw-p 00000000 00:00 0 
7f0e6c898000-7f0e6c8ae000 r-xp 00000000 08:0a 1969998                    /lib/x86_64-linux-gnu/libz.so.1.2.3.4
7f0e6c8ae000-7f0e6caad000 ---p 00016000 08:0a 1969998                    /lib/x86_64-linux-gnu/libz.so.1.2.3.4
7f0e6caad000-7f0e6caae000 r--p 00015000 08:0a 1969998                    /lib/x86_64-linux-gnu/libz.so.1.2.3.4
7f0e6caae000-7f0e6caaf000 rw-p 00016000 08:0a 1969998                    /lib/x86_64-linux-gnu/libz.so.1.2.3.4
7f0e6caaf000-7f0e6cac7000 r-xp 00000000 08:0a 2018619                    /lib/x86_64-linux-gnu/libpthread-2.15.so
7f0e6cac7000-7f0e6ccc6000 ---p 00018000 08:0a 2018619                    /lib/x86_64-linux-gnu/libpthread-2.15.so
7f0e6ccc6000-7f0e6ccc7000 r--p 00017000 08:0a 2018619                    /lib/x86_64-linux-gnu/libpthread-2.15.so
7f0e6ccc7000-7f0e6ccc8000 rw-p 00018000 08:0a 2018619                    /lib/x86_64-linux-gnu/libpthread-2.15.so
7f0e6ccc8000-7f0e6cccc000 rw-p 00000000 00:00 0 
7f0e6cccc000-7f0e6ccce000 r-xp 00000000 08:0a 2018625                    /lib/x86_64-linux-gnu/libdl-2.15.so
7f0e6ccce000-7f0e6cece000 ---p 00002000 08:0a 2018625                    /lib/x86_64-linux-gnu/libdl-2.15.so
7f0e6cece000-7f0e6cecf000 r--p 00002000 08:0a 2018625                    /lib/x86_64-linux-gnu/libdl-2.15.so
7f0e6cecf000-7f0e6ced0000 rw-p 00003000 08:0a 2018625                    /lib/x86_64-linux-gnu/libdl-2.15.so
7f0e6ced0000-7f0e6d085000 r-xp 00000000 08:0a 2018610                    /lib/x86_64-linux-gnu/libc-2.15.so
7f0e6d085000-7f0e6d285000 ---p 001b5000 08:0a 2018610                    /lib/x86_64-linux-gnu/libc-2.15.so
7f0e6d285000-7f0e6d289000 r--p 001b5000 08:0a 2018610                    /lib/x86_64-linux-gnu/libc-2.15.so
7f0e6d289000-7f0e6d28b000 rw-p 001b9000 08:0a 2018610                    /lib/x86_64-linux-gnu/libc-2.15.so
7f0e6d28b000-7f0e6d290000 rw-p 00000000 00:00 0 
7f0e6d290000-7f0e6d29d000 r-xp 00000000 08:0a 1581143                    /usr/lib/jvm/java-7-openjdk-amd64/jre/lib/amd64/jli/libjli.so
7f0e6d29d000-7f0e6d49c000 ---p 0000d000 08:0a 1581143                    /usr/lib/jvm/java-7-openjdk-amd64/jre/lib/amd64/jli/libjli.so
7f0e6d49c000-7f0e6d49d000 r--p 0000c000 08:0a 1581143                    /usr/lib/jvm/java-7-openjdk-amd64/jre/lib/amd64/jli/libjli.so
7f0e6d49d000-7f0e6d49e000 rw-p 0000d000 08:0a 1581143                    /usr/lib/jvm/java-7-openjdk-amd64/jre/lib/amd64/jli/libjli.so
7f0e6d49e000-7f0e6d4c0000 r-xp 00000000 08:0a 2018622                    /lib/x86_64-linux-gnu/ld-2.15.so
7f0e6d4e4000-7f0e6d4ee000 rw-p 00000000 00:00 0 
7f0e6d4ee000-7f0e6d5a4000 rw-p 00000000 00:00 0 
7f0e6d5a4000-7f0e6d5a7000 ---p 00000000 00:00 0 
7f0e6d5a7000-7f0e6d6aa000 rw-p 00000000 00:00 0 
7f0e6d6b2000-7f0e6d6b4000 rw-p 00000000 00:00 0 
7f0e6d6b4000-7f0e6d6bc000 rw-s 00000000 08:0a 428190                     /tmp/hsperfdata_kai/15949
7f0e6d6bc000-7f0e6d6bd000 rw-p 00000000 00:00 0 
7f0e6d6bd000-7f0e6d6be000 r--p 00000000 00:00 0 
7f0e6d6be000-7f0e6d6c0000 rw-p 00000000 00:00 0 
7f0e6d6c0000-7f0e6d6c1000 r--p 00022000 08:0a 2018622                    /lib/x86_64-linux-gnu/ld-2.15.so
7f0e6d6c1000-7f0e6d6c3000 rw-p 00023000 08:0a 2018622                    /lib/x86_64-linux-gnu/ld-2.15.so
7fff20afe000-7fff20b1f000 rw-p 00000000 00:00 0                          [stack]
7fff20bff000-7fff20c00000 r-xp 00000000 00:00 0                          [vdso]
ffffffffff600000-ffffffffff601000 r-xp 00000000 00:00 0                  [vsyscall]

VM Arguments:
jvm_args: -Dfile.encoding=UTF-8 -Xbootclasspath:/home/kai/android-sdks/platforms/android-19/android.jar 
java_command: com.iphotolocator.activity.imagefactory.Solution
Launcher Type: SUN_STANDARD

Environment Variables:
JAVA_HOME=/usr/lib/jvm/java-1.7.0-openjdk-amd64
CLASSPATH=.:/usr/lib/jvm/java-1.7.0-openjdk-amd64/jre/lib/rt.jar:/usr/lib/jvm/java-1.7.0-openjdk-amd64/lib/tools.jar:/usr/lib/jvm/java-1.7.0-openjdk-amd64/jre/lib:/usr/lib/jvm/java-1.7.0-openjdk-amd64/lib:/home/kai/COMP512/distributedSystem/src/
PATH=/home/kai/bin:~/scala/sbt/bin:/usr/lib/jvm/java-1.7.0-openjdk-amd64/bin:/usr/lib/lightdm/lightdm:/usr/local/sbin:/usr/local/bin:/usr/sbin:/usr/bin:/sbin:/bin:/usr/games
SHELL=/bin/bash
DISPLAY=:0.0

Signal Handlers:
SIGSEGV: [libjvm.so+0x83e8f0], sa_mask[0]=0x7ffbfeff, sa_flags=0x10000004
SIGBUS: [libjvm.so+0x83e8f0], sa_mask[0]=0x7ffbfeff, sa_flags=0x10000004
SIGFPE: [libjvm.so+0x6df160], sa_mask[0]=0x7ffbfeff, sa_flags=0x10000004
SIGPIPE: [libjvm.so+0x6df160], sa_mask[0]=0x7ffbfeff, sa_flags=0x10000004
SIGXFSZ: [libjvm.so+0x6df160], sa_mask[0]=0x7ffbfeff, sa_flags=0x10000004
SIGILL: [libjvm.so+0x6df160], sa_mask[0]=0x7ffbfeff, sa_flags=0x10000004
SIGUSR1: SIG_DFL, sa_mask[0]=0x00000000, sa_flags=0x00000000
SIGUSR2: [libjvm.so+0x6df5a0], sa_mask[0]=0x00000004, sa_flags=0x10000004
SIGHUP: SIG_DFL, sa_mask[0]=0x00000000, sa_flags=0x00000000
SIGINT: SIG_DFL, sa_mask[0]=0x00000000, sa_flags=0x00000000
SIGTERM: SIG_DFL, sa_mask[0]=0x00000000, sa_flags=0x00000000
SIGQUIT: SIG_DFL, sa_mask[0]=0x00000000, sa_flags=0x00000000


---------------  S Y S T E M  ---------------

OS:Ubuntu 12.04 (precise)
uname:Linux 3.2.0-40-generic #64-Ubuntu SMP Mon Mar 25 21:22:10 UTC 2013 x86_64
libc:glibc 2.15 NPTL 2.15 
rlimit: STACK 8192k, CORE 0k, NPROC 28966, NOFILE 4096, AS infinity
load average:1.05 0.66 0.62

/proc/meminfo:
MemTotal:        3725372 kB
MemFree:          627564 kB
Buffers:          145448 kB
Cached:           984968 kB
SwapCached:         7428 kB
Active:          1882612 kB
Inactive:         892716 kB
Active(anon):    1486816 kB
Inactive(anon):   412724 kB
Active(file):     395796 kB
Inactive(file):   479992 kB
Unevictable:           0 kB
Mlocked:               0 kB
SwapTotal:       1659900 kB
SwapFree:        1621776 kB
Dirty:              3500 kB
Writeback:             0 kB
AnonPages:       1637688 kB
Mapped:           121384 kB
Shmem:            254412 kB
Slab:             209488 kB
SReclaimable:     173680 kB
SUnreclaim:        35808 kB
KernelStack:        4304 kB
PageTables:        31888 kB
NFS_Unstable:          0 kB
Bounce:                0 kB
WritebackTmp:          0 kB
CommitLimit:     3522584 kB
Committed_AS:    4878208 kB
VmallocTotal:   34359738367 kB
VmallocUsed:      361360 kB
VmallocChunk:   34359337516 kB
HardwareCorrupted:     0 kB
AnonHugePages:         0 kB
HugePages_Total:       0
HugePages_Free:        0
HugePages_Rsvd:        0
HugePages_Surp:        0
Hugepagesize:       2048 kB
DirectMap4k:       61168 kB
DirectMap2M:     3807232 kB


CPU:total 4 (2 cores per cpu, 2 threads per core) family 6 model 58 stepping 9, cmov, cx8, fxsr, mmx, sse, sse2, sse3, ssse3, sse4.1, sse4.2, popcnt, avx, ht, tsc, tscinvbit, tscinv

/proc/cpuinfo:
processor	: 0
vendor_id	: GenuineIntel
cpu family	: 6
model		: 58
model name	: Intel(R) Core(TM) i5-3210M CPU @ 2.50GHz
stepping	: 9
microcode	: 0x16
cpu MHz		: 2501.000
cache size	: 3072 KB
physical id	: 0
siblings	: 4
core id		: 0
cpu cores	: 2
apicid		: 0
initial apicid	: 0
fpu		: yes
fpu_exception	: yes
cpuid level	: 13
wp		: yes
flags		: fpu vme de pse tsc msr pae mce cx8 apic sep mtrr pge mca cmov pat pse36 clflush dts acpi mmx fxsr sse sse2 ss ht tm pbe syscall nx rdtscp lm constant_tsc arch_perfmon pebs bts rep_good nopl xtopology nonstop_tsc aperfmperf pni pclmulqdq dtes64 monitor ds_cpl vmx est tm2 ssse3 cx16 xtpr pdcm pcid sse4_1 sse4_2 x2apic popcnt tsc_deadline_timer aes xsave avx f16c rdrand lahf_lm ida arat epb xsaveopt pln pts dtherm tpr_shadow vnmi flexpriority ept vpid fsgsbase smep erms
bogomips	: 4988.73
clflush size	: 64
cache_alignment	: 64
address sizes	: 36 bits physical, 48 bits virtual
power management:

processor	: 1
vendor_id	: GenuineIntel
cpu family	: 6
model		: 58
model name	: Intel(R) Core(TM) i5-3210M CPU @ 2.50GHz
stepping	: 9
microcode	: 0x16
cpu MHz		: 2501.000
cache size	: 3072 KB
physical id	: 0
siblings	: 4
core id		: 0
cpu cores	: 2
apicid		: 1
initial apicid	: 1
fpu		: yes
fpu_exception	: yes
cpuid level	: 13
wp		: yes
flags		: fpu vme de pse tsc msr pae mce cx8 apic sep mtrr pge mca cmov pat pse36 clflush dts acpi mmx fxsr sse sse2 ss ht tm pbe syscall nx rdtscp lm constant_tsc arch_perfmon pebs bts rep_good nopl xtopology nonstop_tsc aperfmperf pni pclmulqdq dtes64 monitor ds_cpl vmx est tm2 ssse3 cx16 xtpr pdcm pcid sse4_1 sse4_2 x2apic popcnt tsc_deadline_timer aes xsave avx f16c rdrand lahf_lm ida arat epb xsaveopt pln pts dtherm tpr_shadow vnmi flexpriority ept vpid fsgsbase smep erms
bogomips	: 4988.66
clflush size	: 64
cache_alignment	: 64
address sizes	: 36 bits physical, 48 bits virtual
power management:

processor	: 2
vendor_id	: GenuineIntel
cpu family	: 6
model		: 58
model name	: Intel(R) Core(TM) i5-3210M CPU @ 2.50GHz
stepping	: 9
microcode	: 0x16
cpu MHz		: 2501.000
cache size	: 3072 KB
physical id	: 0
siblings	: 4
core id		: 1
cpu cores	: 2
apicid		: 2
initial apicid	: 2
fpu		: yes
fpu_exception	: yes
cpuid level	: 13
wp		: yes
flags		: fpu vme de pse tsc msr pae mce cx8 apic sep mtrr pge mca cmov pat pse36 clflush dts acpi mmx fxsr sse sse2 ss ht tm pbe syscall nx rdtscp lm constant_tsc arch_perfmon pebs bts rep_good nopl xtopology nonstop_tsc aperfmperf pni pclmulqdq dtes64 monitor ds_cpl vmx est tm2 ssse3 cx16 xtpr pdcm pcid sse4_1 sse4_2 x2apic popcnt tsc_deadline_timer aes xsave avx f16c rdrand lahf_lm ida arat epb xsaveopt pln pts dtherm tpr_shadow vnmi flexpriority ept vpid fsgsbase smep erms
bogomips	: 4988.68
clflush size	: 64
cache_alignment	: 64
address sizes	: 36 bits physical, 48 bits virtual
power management:

processor	: 3
vendor_id	: GenuineIntel
cpu family	: 6
model		: 58
model name	: Intel(R) Core(TM) i5-3210M CPU @ 2.50GHz
stepping	: 9
microcode	: 0x16
cpu MHz		: 2501.000
cache size	: 3072 KB
physical id	: 0
siblings	: 4
core id		: 1
cpu cores	: 2
apicid		: 3
initial apicid	: 3
fpu		: yes
fpu_exception	: yes
cpuid level	: 13
wp		: yes
flags		: fpu vme de pse tsc msr pae mce cx8 apic sep mtrr pge mca cmov pat pse36 clflush dts acpi mmx fxsr sse sse2 ss ht tm pbe syscall nx rdtscp lm constant_tsc arch_perfmon pebs bts rep_good nopl xtopology nonstop_tsc aperfmperf pni pclmulqdq dtes64 monitor ds_cpl vmx est tm2 ssse3 cx16 xtpr pdcm pcid sse4_1 sse4_2 x2apic popcnt tsc_deadline_timer aes xsave avx f16c rdrand lahf_lm ida arat epb xsaveopt pln pts dtherm tpr_shadow vnmi flexpriority ept vpid fsgsbase smep erms
bogomips	: 4988.68
clflush size	: 64
cache_alignment	: 64
address sizes	: 36 bits physical, 48 bits virtual
power management:



Memory: 4k page, physical 3725372k(627564k free), swap 1659900k(1621776k free)

vm_info: OpenJDK 64-Bit Server VM (23.7-b01) for linux-amd64 JRE (1.7.0_21-b02), built on Apr 23 2013 13:56:55 by "buildd" with gcc 4.6.3

time: Tue Jan 14 15:48:28 2014
elapsed time: 0 seconds

