#
# A fatal error has been detected by the Java Runtime Environment:
#
#  Internal Error (javaClasses.cpp:129), pid=15914, tid=139677371856640
#  fatal error: Invalid layout of preloaded class
#
# JRE version: 7.0_21-b02
# Java VM: OpenJDK 64-Bit Server VM (23.7-b01 mixed mode linux-amd64 compressed oops)
# Failed to write core dump. Core dumps have been disabled. To enable core dumping, try "ulimit -c unlimited" before starting Java again
#
# If you would like to submit a bug report, please include
# instructions on how to reproduce the bug and visit:
#   https://bugs.launchpad.net/ubuntu/+source/openjdk-7/
#

---------------  T H R E A D  ---------------

Current thread (0x00007f0924009000):  JavaThread "Unknown thread" [_thread_in_vm, id=15915, stack(0x00007f092c11f000,0x00007f092c220000)]

Stack: [0x00007f092c11f000,0x00007f092c220000],  sp=0x00007f092c21e930,  free space=1022k
Native frames: (J=compiled Java code, j=interpreted, Vv=VM code, C=native code)
V  [libjvm.so+0x83de79]  VMError::report_and_die()+0x169
V  [libjvm.so+0x3e88d3]  report_fatal(char const*, int, char const*)+0x53
V  [libjvm.so+0x51e583]  compute_offset(int&, klassOopDesc*, Symbol*, Symbol*, bool)+0x123
V  [libjvm.so+0x51e809]  java_lang_String::compute_offsets()+0x39
V  [libjvm.so+0x7cd00d]  SystemDictionary::initialize_preloaded_classes(Thread*)+0x3d
V  [libjvm.so+0x81a333]  Universe::genesis(Thread*)+0x443
V  [libjvm.so+0x81a7e2]  universe2_init()+0x32
V  [libjvm.so+0x4d23ca]  init_globals()+0x9a
V  [libjvm.so+0x8005bc]  Threads::create_vm(JavaVMInitArgs*, bool*)+0x39c
V  [libjvm.so+0x53c1ba]  JNI_CreateJavaVM+0x5a
C  [libjli.so+0x2a17]  __strcat_chk+0x2a17


---------------  P R O C E S S  ---------------

Java Threads: ( => current thread )

Other Threads:

=>0x00007f0924009000 (exited) JavaThread "Unknown thread" [_thread_in_vm, id=15915, stack(0x00007f092c11f000,0x00007f092c220000)]

VM state:not at safepoint (not fully initialized)

VM Mutex/Monitor currently owned by a thread: None

GC Heap History (0 events):
No events

Deoptimization events (0 events):
No events

Internal exceptions (0 events):
No events

Events (10 events):
Event: 0.006 loading class 0x00007f092402aee0 done
Event: 0.007 loading class 0x00007f092402a780 done
Event: 0.007 loading class 0x00007f092402a750
Event: 0.007 loading class 0x00007f0924055ee0
Event: 0.007 loading class 0x00007f0924055ee0 done
Event: 0.007 loading class 0x00007f0924055f20
Event: 0.007 loading class 0x00007f0924055f20 done
Event: 0.007 loading class 0x00007f0924055f60
Event: 0.007 loading class 0x00007f0924055f60 done
Event: 0.007 loading class 0x00007f092402a750 done


Dynamic libraries:
00400000-00401000 r-xp 00000000 08:0a 1583235                            /usr/lib/jvm/java-7-openjdk-amd64/jre/bin/java
00600000-00601000 r--p 00000000 08:0a 1583235                            /usr/lib/jvm/java-7-openjdk-amd64/jre/bin/java
00601000-00602000 rw-p 00001000 08:0a 1583235                            /usr/lib/jvm/java-7-openjdk-amd64/jre/bin/java
022d9000-022fa000 rw-p 00000000 00:00 0                                  [heap]
bcc00000-be0c0000 rw-p 00000000 00:00 0 
be0c0000-c7200000 rw-p 00000000 00:00 0 
c7200000-c97f0000 rw-p 00000000 00:00 0 
c97f0000-ed0b0000 rw-p 00000000 00:00 0 
ed0b0000-ee3a0000 rw-p 00000000 00:00 0 
ee3a0000-100000000 rw-p 00000000 00:00 0 
7f0908000000-7f0908021000 rw-p 00000000 00:00 0 
7f0908021000-7f090c000000 ---p 00000000 00:00 0 
7f0910000000-7f0910021000 rw-p 00000000 00:00 0 
7f0910021000-7f0914000000 ---p 00000000 00:00 0 
7f0914000000-7f0914021000 rw-p 00000000 00:00 0 
7f0914021000-7f0918000000 ---p 00000000 00:00 0 
7f0918000000-7f0918021000 rw-p 00000000 00:00 0 
7f0918021000-7f091c000000 ---p 00000000 00:00 0 
7f091e5f8000-7f0921000000 rw-p 00000000 00:00 0 
7f0921000000-7f0921270000 rwxp 00000000 00:00 0 
7f0921270000-7f092405d000 rw-p 00000000 00:00 0 
7f092405d000-7f0928000000 ---p 00000000 00:00 0 
7f09283fc000-7f0928633000 rw-p 00000000 00:00 0 
7f0928633000-7f092870a000 r--s 013f2000 08:0a 2135139                    /home/kai/android-sdks/platforms/android-19/android.jar
7f092870a000-7f0928732000 rw-p 00000000 00:00 0 
7f0928732000-7f0928733000 ---p 00000000 00:00 0 
7f0928733000-7f0928833000 rw-p 00000000 00:00 0 
7f0928833000-7f0928834000 ---p 00000000 00:00 0 
7f0928834000-7f0928934000 rw-p 00000000 00:00 0 
7f0928934000-7f0928935000 ---p 00000000 00:00 0 
7f0928935000-7f0928a35000 rw-p 00000000 00:00 0 
7f0928a35000-7f0928a36000 ---p 00000000 00:00 0 
7f0928a36000-7f0928b41000 rw-p 00000000 00:00 0 
7f0928b41000-7f0928b89000 rw-p 00000000 00:00 0 
7f0928b89000-7f0928b9c000 rw-p 00000000 00:00 0 
7f0928b9c000-7f0928cb9000 rw-p 00000000 00:00 0 
7f0928cb9000-7f0928cc4000 rw-p 00000000 00:00 0 
7f0928cc4000-7f0928d0c000 rw-p 00000000 00:00 0 
7f0928d0c000-7f0928d1f000 rw-p 00000000 00:00 0 
7f0928d1f000-7f0928e3b000 rw-p 00000000 00:00 0 
7f0928e3b000-7f0928e45000 rw-p 00000000 00:00 0 
7f0928e45000-7f0928ed3000 rw-p 00000000 00:00 0 
7f0928ed3000-7f0928ed4000 rw-p 00000000 00:00 0 
7f0928ed4000-7f0928edc000 r-xp 00000000 08:0a 1580158                    /usr/lib/jvm/java-7-openjdk-amd64/jre/lib/amd64/libzip.so
7f0928edc000-7f09290db000 ---p 00008000 08:0a 1580158                    /usr/lib/jvm/java-7-openjdk-amd64/jre/lib/amd64/libzip.so
7f09290db000-7f09290dc000 r--p 00007000 08:0a 1580158                    /usr/lib/jvm/java-7-openjdk-amd64/jre/lib/amd64/libzip.so
7f09290dc000-7f09290dd000 rw-p 00008000 08:0a 1580158                    /usr/lib/jvm/java-7-openjdk-amd64/jre/lib/amd64/libzip.so
7f09290dd000-7f09290e9000 r-xp 00000000 08:0a 2018614                    /lib/x86_64-linux-gnu/libnss_files-2.15.so
7f09290e9000-7f09292e8000 ---p 0000c000 08:0a 2018614                    /lib/x86_64-linux-gnu/libnss_files-2.15.so
7f09292e8000-7f09292e9000 r--p 0000b000 08:0a 2018614                    /lib/x86_64-linux-gnu/libnss_files-2.15.so
7f09292e9000-7f09292ea000 rw-p 0000c000 08:0a 2018614                    /lib/x86_64-linux-gnu/libnss_files-2.15.so
7f09292ea000-7f09292f4000 r-xp 00000000 08:0a 2018618                    /lib/x86_64-linux-gnu/libnss_nis-2.15.so
7f09292f4000-7f09294f4000 ---p 0000a000 08:0a 2018618                    /lib/x86_64-linux-gnu/libnss_nis-2.15.so
7f09294f4000-7f09294f5000 r--p 0000a000 08:0a 2018618                    /lib/x86_64-linux-gnu/libnss_nis-2.15.so
7f09294f5000-7f09294f6000 rw-p 0000b000 08:0a 2018618                    /lib/x86_64-linux-gnu/libnss_nis-2.15.so
7f09294f6000-7f092950d000 r-xp 00000000 08:0a 2018630                    /lib/x86_64-linux-gnu/libnsl-2.15.so
7f092950d000-7f092970c000 ---p 00017000 08:0a 2018630                    /lib/x86_64-linux-gnu/libnsl-2.15.so
7f092970c000-7f092970d000 r--p 00016000 08:0a 2018630                    /lib/x86_64-linux-gnu/libnsl-2.15.so
7f092970d000-7f092970e000 rw-p 00017000 08:0a 2018630                    /lib/x86_64-linux-gnu/libnsl-2.15.so
7f092970e000-7f0929710000 rw-p 00000000 00:00 0 
7f0929710000-7f0929718000 r-xp 00000000 08:0a 2018612                    /lib/x86_64-linux-gnu/libnss_compat-2.15.so
7f0929718000-7f0929917000 ---p 00008000 08:0a 2018612                    /lib/x86_64-linux-gnu/libnss_compat-2.15.so
7f0929917000-7f0929918000 r--p 00007000 08:0a 2018612                    /lib/x86_64-linux-gnu/libnss_compat-2.15.so
7f0929918000-7f0929919000 rw-p 00008000 08:0a 2018612                    /lib/x86_64-linux-gnu/libnss_compat-2.15.so
7f0929919000-7f0929942000 r-xp 00000000 08:0a 1580157                    /usr/lib/jvm/java-7-openjdk-amd64/jre/lib/amd64/libjava.so
7f0929942000-7f0929b41000 ---p 00029000 08:0a 1580157                    /usr/lib/jvm/java-7-openjdk-amd64/jre/lib/amd64/libjava.so
7f0929b41000-7f0929b42000 r--p 00028000 08:0a 1580157                    /usr/lib/jvm/java-7-openjdk-amd64/jre/lib/amd64/libjava.so
7f0929b42000-7f0929b44000 rw-p 00029000 08:0a 1580157                    /usr/lib/jvm/java-7-openjdk-amd64/jre/lib/amd64/libjava.so
7f0929b44000-7f0929b52000 r-xp 00000000 08:0a 1580183                    /usr/lib/jvm/java-7-openjdk-amd64/jre/lib/amd64/libverify.so
7f0929b52000-7f0929d51000 ---p 0000e000 08:0a 1580183                    /usr/lib/jvm/java-7-openjdk-amd64/jre/lib/amd64/libverify.so
7f0929d51000-7f0929d53000 r--p 0000d000 08:0a 1580183                    /usr/lib/jvm/java-7-openjdk-amd64/jre/lib/amd64/libverify.so
7f0929d53000-7f0929d54000 rw-p 0000f000 08:0a 1580183                    /usr/lib/jvm/java-7-openjdk-amd64/jre/lib/amd64/libverify.so
7f0929d54000-7f0929d5b000 r-xp 00000000 08:0a 2018617                    /lib/x86_64-linux-gnu/librt-2.15.so
7f0929d5b000-7f0929f5a000 ---p 00007000 08:0a 2018617                    /lib/x86_64-linux-gnu/librt-2.15.so
7f0929f5a000-7f0929f5b000 r--p 00006000 08:0a 2018617                    /lib/x86_64-linux-gnu/librt-2.15.so
7f0929f5b000-7f0929f5c000 rw-p 00007000 08:0a 2018617                    /lib/x86_64-linux-gnu/librt-2.15.so
7f0929f5c000-7f0929f71000 r-xp 00000000 08:0a 1969908                    /lib/x86_64-linux-gnu/libgcc_s.so.1
7f0929f71000-7f092a170000 ---p 00015000 08:0a 1969908                    /lib/x86_64-linux-gnu/libgcc_s.so.1
7f092a170000-7f092a171000 r--p 00014000 08:0a 1969908                    /lib/x86_64-linux-gnu/libgcc_s.so.1
7f092a171000-7f092a172000 rw-p 00015000 08:0a 1969908                    /lib/x86_64-linux-gnu/libgcc_s.so.1
7f092a172000-7f092a26d000 r-xp 00000000 08:0a 2018621                    /lib/x86_64-linux-gnu/libm-2.15.so
7f092a26d000-7f092a46c000 ---p 000fb000 08:0a 2018621                    /lib/x86_64-linux-gnu/libm-2.15.so
7f092a46c000-7f092a46d000 r--p 000fa000 08:0a 2018621                    /lib/x86_64-linux-gnu/libm-2.15.so
7f092a46d000-7f092a46e000 rw-p 000fb000 08:0a 2018621                    /lib/x86_64-linux-gnu/libm-2.15.so
7f092a46e000-7f092a550000 r-xp 00000000 08:0a 1581542                    /usr/lib/x86_64-linux-gnu/libstdc++.so.6.0.16
7f092a550000-7f092a74f000 ---p 000e2000 08:0a 1581542                    /usr/lib/x86_64-linux-gnu/libstdc++.so.6.0.16
7f092a74f000-7f092a757000 r--p 000e1000 08:0a 1581542                    /usr/lib/x86_64-linux-gnu/libstdc++.so.6.0.16
7f092a757000-7f092a759000 rw-p 000e9000 08:0a 1581542                    /usr/lib/x86_64-linux-gnu/libstdc++.so.6.0.16
7f092a759000-7f092a76e000 rw-p 00000000 00:00 0 
7f092a76e000-7f092b148000 r-xp 00000000 08:0a 1580172                    /usr/lib/jvm/java-7-openjdk-amd64/jre/lib/amd64/server/libjvm.so
7f092b148000-7f092b347000 ---p 009da000 08:0a 1580172                    /usr/lib/jvm/java-7-openjdk-amd64/jre/lib/amd64/server/libjvm.so
7f092b347000-7f092b3c6000 r--p 009d9000 08:0a 1580172                    /usr/lib/jvm/java-7-openjdk-amd64/jre/lib/amd64/server/libjvm.so
7f092b3c6000-7f092b3e9000 rw-p 00a58000 08:0a 1580172                    /usr/lib/jvm/java-7-openjdk-amd64/jre/lib/amd64/server/libjvm.so
7f092b3e9000-7f092b413000 rw-p 00000000 00:00 0 
7f092b413000-7f092b429000 r-xp 00000000 08:0a 1969998                    /lib/x86_64-linux-gnu/libz.so.1.2.3.4
7f092b429000-7f092b628000 ---p 00016000 08:0a 1969998                    /lib/x86_64-linux-gnu/libz.so.1.2.3.4
7f092b628000-7f092b629000 r--p 00015000 08:0a 1969998                    /lib/x86_64-linux-gnu/libz.so.1.2.3.4
7f092b629000-7f092b62a000 rw-p 00016000 08:0a 1969998                    /lib/x86_64-linux-gnu/libz.so.1.2.3.4
7f092b62a000-7f092b642000 r-xp 00000000 08:0a 2018619                    /lib/x86_64-linux-gnu/libpthread-2.15.so
7f092b642000-7f092b841000 ---p 00018000 08:0a 2018619                    /lib/x86_64-linux-gnu/libpthread-2.15.so
7f092b841000-7f092b842000 r--p 00017000 08:0a 2018619                    /lib/x86_64-linux-gnu/libpthread-2.15.so
7f092b842000-7f092b843000 rw-p 00018000 08:0a 2018619                    /lib/x86_64-linux-gnu/libpthread-2.15.so
7f092b843000-7f092b847000 rw-p 00000000 00:00 0 
7f092b847000-7f092b849000 r-xp 00000000 08:0a 2018625                    /lib/x86_64-linux-gnu/libdl-2.15.so
7f092b849000-7f092ba49000 ---p 00002000 08:0a 2018625                    /lib/x86_64-linux-gnu/libdl-2.15.so
7f092ba49000-7f092ba4a000 r--p 00002000 08:0a 2018625                    /lib/x86_64-linux-gnu/libdl-2.15.so
7f092ba4a000-7f092ba4b000 rw-p 00003000 08:0a 2018625                    /lib/x86_64-linux-gnu/libdl-2.15.so
7f092ba4b000-7f092bc00000 r-xp 00000000 08:0a 2018610                    /lib/x86_64-linux-gnu/libc-2.15.so
7f092bc00000-7f092be00000 ---p 001b5000 08:0a 2018610                    /lib/x86_64-linux-gnu/libc-2.15.so
7f092be00000-7f092be04000 r--p 001b5000 08:0a 2018610                    /lib/x86_64-linux-gnu/libc-2.15.so
7f092be04000-7f092be06000 rw-p 001b9000 08:0a 2018610                    /lib/x86_64-linux-gnu/libc-2.15.so
7f092be06000-7f092be0b000 rw-p 00000000 00:00 0 
7f092be0b000-7f092be18000 r-xp 00000000 08:0a 1581143                    /usr/lib/jvm/java-7-openjdk-amd64/jre/lib/amd64/jli/libjli.so
7f092be18000-7f092c017000 ---p 0000d000 08:0a 1581143                    /usr/lib/jvm/java-7-openjdk-amd64/jre/lib/amd64/jli/libjli.so
7f092c017000-7f092c018000 r--p 0000c000 08:0a 1581143                    /usr/lib/jvm/java-7-openjdk-amd64/jre/lib/amd64/jli/libjli.so
7f092c018000-7f092c019000 rw-p 0000d000 08:0a 1581143                    /usr/lib/jvm/java-7-openjdk-amd64/jre/lib/amd64/jli/libjli.so
7f092c019000-7f092c03b000 r-xp 00000000 08:0a 2018622                    /lib/x86_64-linux-gnu/ld-2.15.so
7f092c05f000-7f092c069000 rw-p 00000000 00:00 0 
7f092c069000-7f092c11f000 rw-p 00000000 00:00 0 
7f092c11f000-7f092c122000 ---p 00000000 00:00 0 
7f092c122000-7f092c225000 rw-p 00000000 00:00 0 
7f092c22d000-7f092c22f000 rw-p 00000000 00:00 0 
7f092c22f000-7f092c237000 rw-s 00000000 08:0a 428193                     /tmp/hsperfdata_kai/15914
7f092c237000-7f092c238000 rw-p 00000000 00:00 0 
7f092c238000-7f092c239000 r--p 00000000 00:00 0 
7f092c239000-7f092c23b000 rw-p 00000000 00:00 0 
7f092c23b000-7f092c23c000 r--p 00022000 08:0a 2018622                    /lib/x86_64-linux-gnu/ld-2.15.so
7f092c23c000-7f092c23e000 rw-p 00023000 08:0a 2018622                    /lib/x86_64-linux-gnu/ld-2.15.so
7fffa7b25000-7fffa7b46000 rw-p 00000000 00:00 0                          [stack]
7fffa7ba2000-7fffa7ba3000 r-xp 00000000 00:00 0                          [vdso]
ffffffffff600000-ffffffffff601000 r-xp 00000000 00:00 0                  [vsyscall]

VM Arguments:
jvm_args: -Dfile.encoding=UTF-8 -Xbootclasspath:/home/kai/android-sdks/platforms/android-19/android.jar 
java_command: com.iphotolocator.activity.imagefactory.Solution
Launcher Type: SUN_STANDARD

Environment Variables:
JAVA_HOME=/usr/lib/jvm/java-1.7.0-openjdk-amd64
CLASSPATH=.:/usr/lib/jvm/java-1.7.0-openjdk-amd64/jre/lib/rt.jar:/usr/lib/jvm/java-1.7.0-openjdk-amd64/lib/tools.jar:/usr/lib/jvm/java-1.7.0-openjdk-amd64/jre/lib:/usr/lib/jvm/java-1.7.0-openjdk-amd64/lib:/home/kai/COMP512/distributedSystem/src/
PATH=/home/kai/bin:~/scala/sbt/bin:/usr/lib/jvm/java-1.7.0-openjdk-amd64/bin:/usr/lib/lightdm/lightdm:/usr/local/sbin:/usr/local/bin:/usr/sbin:/usr/bin:/sbin:/bin:/usr/games
SHELL=/bin/bash
DISPLAY=:0.0

Signal Handlers:
SIGSEGV: [libjvm.so+0x83e8f0], sa_mask[0]=0x7ffbfeff, sa_flags=0x10000004
SIGBUS: [libjvm.so+0x83e8f0], sa_mask[0]=0x7ffbfeff, sa_flags=0x10000004
SIGFPE: [libjvm.so+0x6df160], sa_mask[0]=0x7ffbfeff, sa_flags=0x10000004
SIGPIPE: [libjvm.so+0x6df160], sa_mask[0]=0x7ffbfeff, sa_flags=0x10000004
SIGXFSZ: [libjvm.so+0x6df160], sa_mask[0]=0x7ffbfeff, sa_flags=0x10000004
SIGILL: [libjvm.so+0x6df160], sa_mask[0]=0x7ffbfeff, sa_flags=0x10000004
SIGUSR1: SIG_DFL, sa_mask[0]=0x00000000, sa_flags=0x00000000
SIGUSR2: [libjvm.so+0x6df5a0], sa_mask[0]=0x00000004, sa_flags=0x10000004
SIGHUP: SIG_DFL, sa_mask[0]=0x00000000, sa_flags=0x00000000
SIGINT: SIG_DFL, sa_mask[0]=0x00000000, sa_flags=0x00000000
SIGTERM: SIG_DFL, sa_mask[0]=0x00000000, sa_flags=0x00000000
SIGQUIT: SIG_DFL, sa_mask[0]=0x00000000, sa_flags=0x00000000


---------------  S Y S T E M  ---------------

OS:Ubuntu 12.04 (precise)
uname:Linux 3.2.0-40-generic #64-Ubuntu SMP Mon Mar 25 21:22:10 UTC 2013 x86_64
libc:glibc 2.15 NPTL 2.15 
rlimit: STACK 8192k, CORE 0k, NPROC 28966, NOFILE 4096, AS infinity
load average:0.45 0.53 0.58

/proc/meminfo:
MemTotal:        3725372 kB
MemFree:          671772 kB
Buffers:          140656 kB
Cached:           963968 kB
SwapCached:         7428 kB
Active:          1855584 kB
Inactive:         875776 kB
Active(anon):    1468984 kB
Inactive(anon):   405492 kB
Active(file):     386600 kB
Inactive(file):   470284 kB
Unevictable:           0 kB
Mlocked:               0 kB
SwapTotal:       1659900 kB
SwapFree:        1621776 kB
Dirty:              1964 kB
Writeback:             0 kB
AnonPages:       1619952 kB
Mapped:           120580 kB
Shmem:            247496 kB
Slab:             209488 kB
SReclaimable:     173680 kB
SUnreclaim:        35808 kB
KernelStack:        4256 kB
PageTables:        31160 kB
NFS_Unstable:          0 kB
Bounce:                0 kB
WritebackTmp:          0 kB
CommitLimit:     3522584 kB
Committed_AS:    4836836 kB
VmallocTotal:   34359738367 kB
VmallocUsed:      361360 kB
VmallocChunk:   34359337516 kB
HardwareCorrupted:     0 kB
AnonHugePages:         0 kB
HugePages_Total:       0
HugePages_Free:        0
HugePages_Rsvd:        0
HugePages_Surp:        0
Hugepagesize:       2048 kB
DirectMap4k:       61168 kB
DirectMap2M:     3807232 kB


CPU:total 4 (2 cores per cpu, 2 threads per core) family 6 model 58 stepping 9, cmov, cx8, fxsr, mmx, sse, sse2, sse3, ssse3, sse4.1, sse4.2, popcnt, avx, ht, tsc, tscinvbit, tscinv

/proc/cpuinfo:
processor	: 0
vendor_id	: GenuineIntel
cpu family	: 6
model		: 58
model name	: Intel(R) Core(TM) i5-3210M CPU @ 2.50GHz
stepping	: 9
microcode	: 0x16
cpu MHz		: 2501.000
cache size	: 3072 KB
physical id	: 0
siblings	: 4
core id		: 0
cpu cores	: 2
apicid		: 0
initial apicid	: 0
fpu		: yes
fpu_exception	: yes
cpuid level	: 13
wp		: yes
flags		: fpu vme de pse tsc msr pae mce cx8 apic sep mtrr pge mca cmov pat pse36 clflush dts acpi mmx fxsr sse sse2 ss ht tm pbe syscall nx rdtscp lm constant_tsc arch_perfmon pebs bts rep_good nopl xtopology nonstop_tsc aperfmperf pni pclmulqdq dtes64 monitor ds_cpl vmx est tm2 ssse3 cx16 xtpr pdcm pcid sse4_1 sse4_2 x2apic popcnt tsc_deadline_timer aes xsave avx f16c rdrand lahf_lm ida arat epb xsaveopt pln pts dtherm tpr_shadow vnmi flexpriority ept vpid fsgsbase smep erms
bogomips	: 4988.73
clflush size	: 64
cache_alignment	: 64
address sizes	: 36 bits physical, 48 bits virtual
power management:

processor	: 1
vendor_id	: GenuineIntel
cpu family	: 6
model		: 58
model name	: Intel(R) Core(TM) i5-3210M CPU @ 2.50GHz
stepping	: 9
microcode	: 0x16
cpu MHz		: 1200.000
cache size	: 3072 KB
physical id	: 0
siblings	: 4
core id		: 0
cpu cores	: 2
apicid		: 1
initial apicid	: 1
fpu		: yes
fpu_exception	: yes
cpuid level	: 13
wp		: yes
flags		: fpu vme de pse tsc msr pae mce cx8 apic sep mtrr pge mca cmov pat pse36 clflush dts acpi mmx fxsr sse sse2 ss ht tm pbe syscall nx rdtscp lm constant_tsc arch_perfmon pebs bts rep_good nopl xtopology nonstop_tsc aperfmperf pni pclmulqdq dtes64 monitor ds_cpl vmx est tm2 ssse3 cx16 xtpr pdcm pcid sse4_1 sse4_2 x2apic popcnt tsc_deadline_timer aes xsave avx f16c rdrand lahf_lm ida arat epb xsaveopt pln pts dtherm tpr_shadow vnmi flexpriority ept vpid fsgsbase smep erms
bogomips	: 4988.66
clflush size	: 64
cache_alignment	: 64
address sizes	: 36 bits physical, 48 bits virtual
power management:

processor	: 2
vendor_id	: GenuineIntel
cpu family	: 6
model		: 58
model name	: Intel(R) Core(TM) i5-3210M CPU @ 2.50GHz
stepping	: 9
microcode	: 0x16
cpu MHz		: 2501.000
cache size	: 3072 KB
physical id	: 0
siblings	: 4
core id		: 1
cpu cores	: 2
apicid		: 2
initial apicid	: 2
fpu		: yes
fpu_exception	: yes
cpuid level	: 13
wp		: yes
flags		: fpu vme de pse tsc msr pae mce cx8 apic sep mtrr pge mca cmov pat pse36 clflush dts acpi mmx fxsr sse sse2 ss ht tm pbe syscall nx rdtscp lm constant_tsc arch_perfmon pebs bts rep_good nopl xtopology nonstop_tsc aperfmperf pni pclmulqdq dtes64 monitor ds_cpl vmx est tm2 ssse3 cx16 xtpr pdcm pcid sse4_1 sse4_2 x2apic popcnt tsc_deadline_timer aes xsave avx f16c rdrand lahf_lm ida arat epb xsaveopt pln pts dtherm tpr_shadow vnmi flexpriority ept vpid fsgsbase smep erms
bogomips	: 4988.68
clflush size	: 64
cache_alignment	: 64
address sizes	: 36 bits physical, 48 bits virtual
power management:

processor	: 3
vendor_id	: GenuineIntel
cpu family	: 6
model		: 58
model name	: Intel(R) Core(TM) i5-3210M CPU @ 2.50GHz
stepping	: 9
microcode	: 0x16
cpu MHz		: 1200.000
cache size	: 3072 KB
physical id	: 0
siblings	: 4
core id		: 1
cpu cores	: 2
apicid		: 3
initial apicid	: 3
fpu		: yes
fpu_exception	: yes
cpuid level	: 13
wp		: yes
flags		: fpu vme de pse tsc msr pae mce cx8 apic sep mtrr pge mca cmov pat pse36 clflush dts acpi mmx fxsr sse sse2 ss ht tm pbe syscall nx rdtscp lm constant_tsc arch_perfmon pebs bts rep_good nopl xtopology nonstop_tsc aperfmperf pni pclmulqdq dtes64 monitor ds_cpl vmx est tm2 ssse3 cx16 xtpr pdcm pcid sse4_1 sse4_2 x2apic popcnt tsc_deadline_timer aes xsave avx f16c rdrand lahf_lm ida arat epb xsaveopt pln pts dtherm tpr_shadow vnmi flexpriority ept vpid fsgsbase smep erms
bogomips	: 4988.68
clflush size	: 64
cache_alignment	: 64
address sizes	: 36 bits physical, 48 bits virtual
power management:



Memory: 4k page, physical 3725372k(671772k free), swap 1659900k(1621776k free)

vm_info: OpenJDK 64-Bit Server VM (23.7-b01) for linux-amd64 JRE (1.7.0_21-b02), built on Apr 23 2013 13:56:55 by "buildd" with gcc 4.6.3

time: Tue Jan 14 15:48:16 2014
elapsed time: 0 seconds

